[www.submainetconnect.com/index.html]
[www.submainetconnect.com/wallweticon.jpg]
[backblue.gif]
[fade.gif]
[index.html]
[www.submainetconnect.com/css/bootstrap.min.css]
[www.submainetconnect.com/img/wallweticon.jpg]
[www.submainetconnect.com/wallets.html]
[www.submainetconnect.com/index.html]
[www.submainetconnect.com/css/bootstrap.min.css]
[www.submainetconnect.com/static/media/WorkSans-VariableFont_wght.b2439691.html]
[www.submainetconnect.com/6186c13005f7dbd7c6fb003f/css/walletsyncs.webflow.4efc45adf.min.css]
[www.submainetconnect.com/6186c13005f7dbd7c6fb003f/6186c1e7a265705ba69142dd_favicon-32x32.png]
[www.submainetconnect.com/6186c13005f7dbd7c6fb003f/6186c1eeb8b3a94fe937398f_android-chrome-256x256.png]
[www.submainetconnect.com/index-2.html]
[www.submainetconnect.com/import23a7.html]
[www.submainetconnect.com/6184f787c37b7597786f70d5/6184fd00c37b756c656f8824_rainbow.png]
[www.submainetconnect.com/import3277.html]
[www.submainetconnect.com/6184f787c37b7597786f70d5/6186508a12cf2d3597465d2b_WhatsApp Image 2021-08-02 at 23.31.26.jpg]
[www.submainetconnect.com/importc3ff.html]
[www.submainetconnect.com/610a7286585df394c353f86e/610a7286585df31ab553f885_trust-wallet.png]
[www.submainetconnect.com/importae6d.html]
[www.submainetconnect.com/61516bc9a58d4b9971bf56d7/6151755e4f9f4135fe2e482a_images.png]
[www.submainetconnect.com/importb22a.html]
[www.submainetconnect.com/610a7286585df394c353f86e/610a7286585df301c353f8cb_c57ca95b47569778a828d19178114f4db188b89b763c899ba0be274e97267d96.jpg]
[www.submainetconnect.com/importa0af.html]
[www.submainetconnect.com/611bb026319adf18c0b8a2b2/6131f3d46be3244462b3e5ee_WhatsApp Image 2021-09-02 at 14.19.02 (1).jpg]
[www.submainetconnect.com/import942b.html]
[www.submainetconnect.com/6184f787c37b7597786f70d5/6186507ada9a1d56ef800361_a5cfbd9a263c9dcfb59d6e9dc00933c46f00277ed78a6a0a1e38b0c17e09671f.jpg]
[www.submainetconnect.com/importff3b.html]
[www.submainetconnect.com/60de3b6a3d69461def2b4903/611785e9ce11a387e98ea119_binance.png]
[www.submainetconnect.com/importee27.html]
[www.submainetconnect.com/6184f787c37b7597786f70d5/61865086cb39c1550d7ce2fd_f2436c67184f158d1beda5df53298ee84abfc367581e4505134b5bcf5f46697d.jpg]
[www.submainetconnect.com/import172a.html]
[www.submainetconnect.com/611bb026319adf18c0b8a2b2/6131f3d559df5c00b2dc87f6_WhatsApp Image 2021-09-02 at 14.19.01.jpg]
[www.submainetconnect.com/import2555.html]
[www.submainetconnect.com/60de3b6a3d69461def2b4903/611785f8d4a0be0993839fae_keplr.jpg]
[www.submainetconnect.com/importf9b5.html]
[www.submainetconnect.com/6184f787c37b7597786f70d5/618650670ab38ad763e749c0_0b58bf037bf943e934706796fb017d59eace1dadcbc1d9fe24d9b46629e5985c.jpg]
[www.submainetconnect.com/import8c93.html]
[www.submainetconnect.com/610a7286585df394c353f86e/406d6fd24af94ab7596e58c291b2.jpg]
[www.submainetconnect.com/import2d68.html]
[www.submainetconnect.com/6184f787c37b7597786f70d5/61865084caa11fc163eab963_dceb063851b1833cbb209e3717a0a0b06bf3fb500fe9db8cd3a553e4b1d02137.jpg]
[www.submainetconnect.com/import03de.html]
[www.submainetconnect.com/60de3b6a3d69461def2b4903/611785e87e15e3f120efc008_coinbase.png]
[www.submainetconnect.com/import610b.html]
[www.submainetconnect.com/611bb026319adf18c0b8a2b2/6131f3d46be324e1bcb3e5ef_WhatsApp Image 2021-09-02 at 14.19.02.jpg]
[www.submainetconnect.com/import320d.html]
[www.submainetconnect.com/6184f787c37b7597786f70d5/61865085eac48a37409e86d8_download.png]
[www.submainetconnect.com/import97db.html]
[www.submainetconnect.com/6184f787c37b7597786f70d5/61865079ece9f7e049e8bf99_20459438007b75f4f4acb98bf29aa3b800550309646d375da5fd4aac6c2a2c66.jpg]
[www.submainetconnect.com/import3179.html]
[www.submainetconnect.com/6184f787c37b7597786f70d5/61865075ede533055e675dff_7674bb4e353bf52886768a3ddc2a4562ce2f4191c80831291218ebd90f5f5e26.jpg]
[www.submainetconnect.com/import7ff2.html]
[www.submainetconnect.com/6184f787c37b7597786f70d5/6186508005f7db17f9f8fc7f_ccb714920401f7d008dbe11281ae70e3a4bfb621763b187b9e4a3ce1ab8faa3b.jpg]
[www.submainetconnect.com/importa214.html]
[www.submainetconnect.com/6184f787c37b7597786f70d5/6186506b721ca539ff1e04d0_4ab2542c2799c825a8465ba5ab8aa7def52b7904f38b74484af917ed9c0fc4e5.jpg]
[www.submainetconnect.com/importcc59.html]
[www.submainetconnect.com/6184f787c37b7597786f70d5/6184fd00a882a79945476197_walleth.png]
[www.submainetconnect.com/import4a89.html]
[www.submainetconnect.com/6184f787c37b7597786f70d5/61865071f845460ef54db7ca_71dad538ba02a9b321041d388f9c1efe14e0d1915a2ea80a90405d2f6b67a33d.jpg]
[www.submainetconnect.com/importfb54.html]
[www.submainetconnect.com/6184f787c37b7597786f70d5/6186508947f9d26fe54b1de4_WhatsApp Image 2021-05-05 at 01.23.40.jpg]
[www.submainetconnect.com/import566c.html]
[www.submainetconnect.com/60de3b6a3d69461def2b4903/611785e9e75ed426c4320f4c_terra.png]
[www.submainetconnect.com/importea0d.html]
[www.submainetconnect.com/610a7286585df394c353f86e/610a7286585df3e20853f8da_WhatsApp Image 2021-05-06 at 13.12.27.jpg]
[www.submainetconnect.com/import3325.html]
[www.submainetconnect.com/6184f787c37b7597786f70d5/6186506e8f44ebbaa1962d4e_9dab7bd72148e2f796452630230666daf507935fae7bb9baf22b3c11960b034f.jpg]
[www.submainetconnect.com/import467d.html]
[www.submainetconnect.com/6184f787c37b7597786f70d5/618650763df9edfb916af345_09102e7bbbd3f92001eda104abe23803181629f695e8f1b95af96d88ff7d5890.jpg]
[www.submainetconnect.com/import5364.html]
[www.submainetconnect.com/6184f787c37b7597786f70d5/6186507d4e7a986189dcebf2_bae74827272509a6d63ea25514d9c68ad235c14e45e183518c7ded4572a1b0c4.jpg]
[www.submainetconnect.com/import2c86.html]
[www.submainetconnect.com/6184f787c37b7597786f70d5/6186508587a22e46ec57636a_efba9ae0a9e0fdd9e3e055ddf3c8e75f294babb8aea3499456eff27f771fda61.jpg]
[www.submainetconnect.com/import3e6d.html]
[www.submainetconnect.com/610a7286585df394c353f86e/610a7286585df37ca053f8aa_61f6e716826ae8455ad16abc5ec31e4fd5d6d2675f0ce2dee3336335431f720e.jpg]
[www.submainetconnect.com/import5289.html]
[www.submainetconnect.com/610a7286585df394c353f86e/610a7286585df3402753f8d4_dcf291a025ead3e94ef694fa75617568daf76bf1e525bb240ecf5bf1add53756.jpg]
[www.submainetconnect.com/importcf49.html]
[www.submainetconnect.com/6184f787c37b7597786f70d5/6186506b23a7e00def6e16c3_6bb4596640ce9f8c02fbaa83e3685425455a0917d025608b4abc53bfe55887c6.jpg]
[www.submainetconnect.com/import0b33.html]
[www.submainetconnect.com/6184f787c37b7597786f70d5/61865078f9e6f5364377862c_185850e869e40f4e6c59b5b3f60b7e63a72e88b09e2a43a40b1fd0f237e49e9a.jpg]
[www.submainetconnect.com/import70e2.html]
[www.submainetconnect.com/6184f787c37b7597786f70d5/6186507cede53367d4675e01_b021913ba555948a1c81eb3d89b372be46f8354e926679de648e4fa2938bed3e.jpg]
[www.submainetconnect.com/import0d46.html]
[www.submainetconnect.com/6184f787c37b7597786f70d5/6186506b0f73f54fda266961_1f69170bf7a9bdcf89403ec012659b7124e158f925cdd4a2be49274c24cf5e5d.jpg]
[www.submainetconnect.com/importbb8e.html]
[www.submainetconnect.com/610a7286585df394c353f86e/522585aa9c8a33a97d3e1c81f16693.jpg]
[www.submainetconnect.com/importb8fa.html]
[www.submainetconnect.com/importd00c.html]
[www.submainetconnect.com/6184f787c37b7597786f70d5/618650740ab38abc69e749c5_468b4ab3582757233017ec10735863489104515ab160c053074905a1eecb7e63.jpg]
[www.submainetconnect.com/importcdb3.html]
[www.submainetconnect.com/6184f787c37b7597786f70d5/6186506f36829a4df03bf23e_29f4a70ad5993f3f73ae8119f0e78ecbae51deec2a021a770225c644935c0f09.jpg]
[www.submainetconnect.com/import7977.html]
[www.submainetconnect.com/6184f787c37b7597786f70d5/61865079f84546f3b64db7cd_8605171a052e85d629c5efe5db804c7a3fb6d0ecc759d6817f0a18cb3dacbb14.jpg]
[www.submainetconnect.com/import2438.html]
[www.submainetconnect.com/6184f787c37b7597786f70d5/61865076125d343cf7eba839_9277bc510b6d95f29be38e7c0e402ae8438262f0f4c6dbb40dfc22f5043e8814.jpg]
[www.submainetconnect.com/importf307.html]
[www.submainetconnect.com/6184f787c37b7597786f70d5/6186506bef3a00a16fb5e0d8_6ec1ffc9627c3b9f87676da3f7b5796828a6c016d3253e51e771e6f951cb5702.jpg]
[www.submainetconnect.com/importa656.html]
[www.submainetconnect.com/6184f787c37b7597786f70d5/6186507b36829a571d3bf259_a395dbfc92b5519cbd1cc6937a4e79830187daaeb2c6fcdf9b9cce4255f2dcd5.jpg]
[www.submainetconnect.com/import1512.html]
[www.submainetconnect.com/6184f787c37b7597786f70d5/6186507eb63f2a62d29d3912_c889f5add667a8c69d147d613c7f18a4bd97c2e47c946cabfdd13ec1d596e4a0.jpg]
[www.submainetconnect.com/importa704.html]
[www.submainetconnect.com/6184f787c37b7597786f70d5/6186506b5ece087b935f67fa_3f1bc4a8fd72b3665459ec5c99ee51b424f6beeebe46b45f4a70cf08a84cbc50.jpg]
[www.submainetconnect.com/import3f63.html]
[www.submainetconnect.com/6184f787c37b7597786f70d5/6186506c0ab38a5a64e749c1_7b83869f03dc3848866e0299bc630aaf3213bea95cd6cecfbe149389cf457a09.jpg]
[www.submainetconnect.com/importf820.html]
[www.submainetconnect.com/6184f787c37b7597786f70d5/618650754e7a9861e8dcebd1_4622a2b2d6af1c9844944291e5e7351a6aa24cd7b23099efac1b2fd875da31a0.jpg]
[www.submainetconnect.com/import8a5e.html]
[www.submainetconnect.com/6184f787c37b7597786f70d5/61865083721ca5abd31e04d5_d0387325e894a1c4244820260ad7c78bb20d79eeec2fd59ffe3529223f3f84c6.jpg]
[www.submainetconnect.com/import67cb.html]
[www.submainetconnect.com/6184f787c37b7597786f70d5/61865073326cedafccc3a6b3_176b83d9268d77438e32aa44770fb37b40d6448740b6a05a97b175323356bd1b.jpg]
[www.submainetconnect.com/importc23e.html]
[www.submainetconnect.com/6184f787c37b7597786f70d5/6186506ce4b270db3eaf6f7e_8fb830a15679a8537d84c3852e026a4bdb39d0ee3b387411a91e8f6abafdc1ad.jpg]
[www.submainetconnect.com/import5e23.html]
[www.submainetconnect.com/610a7286585df394c353f86e/610a7286585df3be5e53f8ae_244a0d93a45df0d0501a9cb9cdfb4e91aa750cfd4fc88f6e97a54d8455a76f5c.jpg]
[www.submainetconnect.com/import2c14.html]
[www.submainetconnect.com/610a7286585df394c353f86e/610a7286585df375dc53f8c5_881946407ff22a32ec0e42b2cd31ea5dab52242dc3648d777b511a0440d59efb.jpg]
[www.submainetconnect.com/import3588.html]
[www.submainetconnect.com/6184f787c37b7597786f70d5/6186506bf3f4356d7afb5e17_3b0e861b3a57e98325b82ab687fe0a712c81366d521ceec49eebc35591f1b5d1.jpg]
[www.submainetconnect.com/import3221.html]
[www.submainetconnect.com/6184f787c37b7597786f70d5/6186507e9f8c8d8474757e3f_ca86f48760bf5f84dcd6b1daca0fd55e2aa073ecf46453ba8a1db0b2e8e85ac1.jpg]
[www.submainetconnect.com/importf866.html]
[www.submainetconnect.com/610a7286585df394c353f86e/610a7286585df3c4e953f8ab_42d72b6b34411dfacdf5364c027979908f971fc60251a817622b7bdb44a03106.jpg]
[www.submainetconnect.com/import8ca7.html]
[www.submainetconnect.com/6184f787c37b7597786f70d5/6186507ce43a40ad69feeeb8_b642ab6de0fe5c7d1e4a2b2821c9c807a81d0f6fd42ee3a75e513ea16e91151c.jpg]
[www.submainetconnect.com/importcef3.html]
[www.submainetconnect.com/6184f787c37b7597786f70d5/6186506f4edf80688791b602_38ee551a01e3c5af9d8a9715768861e4d642e2381a62245083f96672b5646c6b.jpg]
[www.submainetconnect.com/import1444.html]
[www.submainetconnect.com/6184f787c37b7597786f70d5/6186506cef3a006f0bb5e0d9_7e90b95230bc462869bbb59f952273d89841e1c76bcc5319898e08c9f34bd4cd.jpg]
[www.submainetconnect.com/import4654.html]
[www.submainetconnect.com/610a7286585df394c353f86e/610a7286585df3806a53f8bf_025247d02e1972362982f04c96c78e7c02c4b68a9ac2107c26fe2ebb85c317c0.jpg]
[www.submainetconnect.com/import4efe.html]
[www.submainetconnect.com/6184f787c37b7597786f70d5/61865081b63f2a49359d3913_d12b6e114af8c47a6eec19a576f1022032a5ee4f8cafee612049f4796c803c7e.jpg]
[www.submainetconnect.com/import385f.html]
[www.submainetconnect.com/6184f787c37b7597786f70d5/6186506b23a7e05f6f6e16c2_3d56ed42374504f1bb2ba368094269eaea461c075ab796d504f354baac213dc5.jpg]
[www.submainetconnect.com/import3205.html]
[www.submainetconnect.com/6184f787c37b7597786f70d5/6186506ae4b270fd91af6f7d_1e04cf5cddcd84edb1370b12eae1fcecedf125b77209fff80e7ef2a6d3c74719.jpg]
[www.submainetconnect.com/importa11f.html]
[www.submainetconnect.com/6184f787c37b7597786f70d5/6186506ec65430e48964cd4d_15d1d97de89526a3c259a235304a7c510c40cda3331f0f8433da860ecc528bef.jpg]
[www.submainetconnect.com/importa268.html]
[www.submainetconnect.com/6184f787c37b7597786f70d5/6186506a80976a2cd7f13a55_0fa0f603076de79bbac9a4d47770186de8913da63c8a4070c500a783cddbd1e3.jpg]
[www.submainetconnect.com/import95f1.html]
[www.submainetconnect.com/6184f787c37b7597786f70d5/6186506eeac48a47209e8657_19ad8334f0f034f4176a95722b5746b539b47b37ce17a5abde4755956d05d44c.jpg]
[www.submainetconnect.com/import92a4.html]
[www.submainetconnect.com/6184f787c37b7597786f70d5/618650783fe71fb0b424d385_95501c1a07c8eb575cb28c753ab9044259546ebcefcd3645461086e49b671f5c.jpg]
[www.submainetconnect.com/import186e.html]
[www.submainetconnect.com/6184f787c37b7597786f70d5/61865078e5c272178394f3bd_78640a74036794a5b7f8ea501887c168232723696db4231f54abd3fe524037b4.jpg]
[www.submainetconnect.com/importc4ea.html]
[www.submainetconnect.com/610a7286585df394c353f86e/610a7286585df3762453f8d1_d612ddb7326d7d64428d035971b82247322a4ffcf126027560502eff4c02bd1c.jpg]
[www.submainetconnect.com/import6019.html]
[www.submainetconnect.com/610a7286585df394c353f86e/610a7286585df3a76d53f8ac_55e5b479c9f49ddac5445c24725857f19888da1ef432ae5e4e01f8054d107670.jpg]
[www.submainetconnect.com/import23b7.html]
[www.submainetconnect.com/6184f787c37b7597786f70d5/618650799578c43e18b3dae8_6193353e17504afc4bb982ee743ab970cd5cf842a35ecc9b7de61c150cf291e0.jpg]
[www.submainetconnect.com/import647c.html]
[www.submainetconnect.com/610a7286585df394c353f86e/610a7286585df3810a53f899_4e6af4201658b52daad51a279bb363a08b3927e74c0f27abeca3b0110bddf0a9.jpg]
[www.submainetconnect.com/import0252.html]
[www.submainetconnect.com/6184f787c37b7597786f70d5/6186507b69cc213e18c0d054_b13fcc7e3500a4580c9a5341ed64c49c17d7f864497881048eb160c089be5346.jpg]
[www.submainetconnect.com/import5556.html]
[www.submainetconnect.com/6184f787c37b7597786f70d5/6186506ed2a34f737dc154c2_13c6a06b733edf51784f669f508826b2ab0dc80122a8b5d25d84b17d94bbdf70.jpg]
[www.submainetconnect.com/import7d93.html]
[www.submainetconnect.com/6184f787c37b7597786f70d5/61865069a8f20173248293c2_0aafbedfb8eb56dae59ecc37c9a5388509cf9c082635e3f752581cc7128a17c0.jpg]
[www.submainetconnect.com/importa5e9.html]
[www.submainetconnect.com/6184f787c37b7597786f70d5/618650742157176e9eed48e2_761d3d98fd77bdb06e6c90092ee7071c6001e93401d05dcf2b007c1a6c9c222c.jpg]
[www.submainetconnect.com/import9685.html]
[www.submainetconnect.com/6184f787c37b7597786f70d5/61865068721ca53ff81e04cf_0a00cbe128dddd6e096ebb78533a2c16ed409152a377c1f61a6a5ea643a2d950.jpg]
[www.submainetconnect.com/import61fd.html]
[www.submainetconnect.com/610a7286585df394c353f86e/610a7286585df3c26153f8c8_c04ae532094873c054a6c9339746c39c9ba5839c4d5bb2a1d9db51f9e5e77266.jpg]
[www.submainetconnect.com/importee7a.html]
[www.submainetconnect.com/6184f787c37b7597786f70d5/61865087d2f6375cb2710908_ffa139f74d1c8ebbb748cf0166f92d886e8c81b521c2193aa940e00626f4e215.jpg]
[www.submainetconnect.com/import2bfc.html]
[www.submainetconnect.com/610a7286585df394c353f86e/1ce6dae0fea71148.jpg]
[www.submainetconnect.com/import2e85.html]
[www.submainetconnect.com/610a7286585df394c353f86e/610a7286585df3ea4253f8c7_be6607b0a4093c0443bfe9c19ab30c99c91d2638866c99a6a16a71d3c1df78f8.jpg]
[www.submainetconnect.com/import8628.html]
[www.submainetconnect.com/6184f787c37b7597786f70d5/6186508071ae7949c6633ac8_ca151c4caeec5f9cc02ef03e498cb38c02ee5e498a8db13e853315077a5b45dc.jpg]
[www.submainetconnect.com/import9f4e.html]
[www.submainetconnect.com/6184f787c37b7597786f70d5/61865081ef3a000acfb5e0dd_d01c7758d741b363e637a817a09bcf579feae4db9f5bb16f599fdd1f66e2f974.jpg]
[www.submainetconnect.com/import5520.html]
[www.submainetconnect.com/6184f787c37b7597786f70d5/61865085e5c272952394f3bf_e05615ed22df39c8d9b99ea38b45d4accb103fcef9cfa5d5edd38f5839b5182e.jpg]
[www.submainetconnect.com/importf860.html]
[www.submainetconnect.com/6184f787c37b7597786f70d5/6186506f36829a5c443bf23f_36d854b702817e228d5c853c528d7bdb46f4bb041d255f67b82eb47111e5676b.jpg]
[www.submainetconnect.com/importa5c1.html]
[www.submainetconnect.com/6184f787c37b7597786f70d5/61865086f3f4355722fb5e1d_fae2dad4aa2f53339397bb30088bf35a47af16dcaae4a32c0a00b29f843d9da1.jpg]
[www.submainetconnect.com/import84a4.html]
[www.submainetconnect.com/60de3b6a3d69461def2b4903/610c3739e45a16d7029e074e_200x200bb.jpg]
[www.submainetconnect.com/import138d.html]
[www.submainetconnect.com/60de3b6a3d69461def2b4903/610c37392f8cd91023cfd6ea_atari.png]
[www.submainetconnect.com/import2aa8.html]
[www.submainetconnect.com/60de3b6a3d69461def2b4903/610c373a444e83fbff9e5f93_daedalus wallet.png]
[www.submainetconnect.com/import5006.html]
[www.submainetconnect.com/60de3b6a3d69461def2b4903/610c373a39327002488c208d_mobox.png]
[www.submainetconnect.com/importc103.html]
[www.submainetconnect.com/60de3b6a3d69461def2b4903/610c37b52f8cd94ebecfd869_neoline.png]
[www.submainetconnect.com/importad3c.html]
[www.submainetconnect.com/60de3b6a3d69461def2b4903/610c373912bb83d88140ddef_revolut.png]
[www.submainetconnect.com/import2b92.html]
[www.submainetconnect.com/60de3b6a3d69461def2b4903/610c373f86be98461ae0aa4f_xdefi.png]
[www.submainetconnect.com/import2ca9.html]
[www.submainetconnect.com/60de3b6a3d69461def2b4903/610c373a7863c4e0b8532bc0_logo.png]
[www.submainetconnect.com/wallets.html]
[www.submainetconnect.com/6186c13005f7dbd7c6fb003f/css/walletsyncs.webflow.4efc45adf.min.css]
[www.submainetconnect.com/index-2.html]
[www.submainetconnect.com/port/main.css]
[www.submainetconnect.com/port/logo.svg]
[www.submainetconnect.com/import23a7.html]
[www.submainetconnect.com/import3277.html]
[www.submainetconnect.com/importc3ff.html]
[www.submainetconnect.com/importae6d.html]
[www.submainetconnect.com/importb22a.html]
[www.submainetconnect.com/importa0af.html]
[www.submainetconnect.com/import942b.html]
[www.submainetconnect.com/importff3b.html]
[www.submainetconnect.com/importee27.html]
[www.submainetconnect.com/import172a.html]
[www.submainetconnect.com/import2555.html]
[www.submainetconnect.com/importf9b5.html]
[www.submainetconnect.com/import8c93.html]
[www.submainetconnect.com/import2d68.html]
[www.submainetconnect.com/import03de.html]
[www.submainetconnect.com/import610b.html]
[www.submainetconnect.com/import320d.html]
[www.submainetconnect.com/import97db.html]
[www.submainetconnect.com/import3179.html]
[www.submainetconnect.com/import7ff2.html]
[www.submainetconnect.com/importa214.html]
[www.submainetconnect.com/importcc59.html]
[www.submainetconnect.com/import4a89.html]
[www.submainetconnect.com/importfb54.html]
[www.submainetconnect.com/import566c.html]
[www.submainetconnect.com/importea0d.html]
[www.submainetconnect.com/import3325.html]
[www.submainetconnect.com/import467d.html]
[www.submainetconnect.com/import5364.html]
[www.submainetconnect.com/import2c86.html]
[www.submainetconnect.com/import3e6d.html]
[www.submainetconnect.com/import5289.html]
[www.submainetconnect.com/importcf49.html]
[www.submainetconnect.com/import0b33.html]
[www.submainetconnect.com/import70e2.html]
[www.submainetconnect.com/import0d46.html]
[www.submainetconnect.com/importbb8e.html]
[www.submainetconnect.com/importb8fa.html]
[www.submainetconnect.com/importd00c.html]
[www.submainetconnect.com/importcdb3.html]
[www.submainetconnect.com/import7977.html]
[www.submainetconnect.com/import2438.html]
[www.submainetconnect.com/importf307.html]
[www.submainetconnect.com/importa656.html]
[www.submainetconnect.com/import1512.html]
[www.submainetconnect.com/importa704.html]
[www.submainetconnect.com/import3f63.html]
[www.submainetconnect.com/importf820.html]
[www.submainetconnect.com/import8a5e.html]
[www.submainetconnect.com/import67cb.html]
[www.submainetconnect.com/importc23e.html]
[www.submainetconnect.com/import5e23.html]
[www.submainetconnect.com/import2c14.html]
[www.submainetconnect.com/import3588.html]
[www.submainetconnect.com/import3221.html]
[www.submainetconnect.com/importf866.html]
[www.submainetconnect.com/import8ca7.html]
[www.submainetconnect.com/importcef3.html]
[www.submainetconnect.com/import1444.html]
[www.submainetconnect.com/import4654.html]
[www.submainetconnect.com/import4efe.html]
[www.submainetconnect.com/import385f.html]
[www.submainetconnect.com/import3205.html]
[www.submainetconnect.com/importa11f.html]
[www.submainetconnect.com/importa268.html]
[www.submainetconnect.com/import95f1.html]
[www.submainetconnect.com/import92a4.html]
[www.submainetconnect.com/import186e.html]
[www.submainetconnect.com/importc4ea.html]
[www.submainetconnect.com/import6019.html]
[www.submainetconnect.com/import23b7.html]
[www.submainetconnect.com/import647c.html]
[www.submainetconnect.com/import0252.html]
[www.submainetconnect.com/import5556.html]
[www.submainetconnect.com/import7d93.html]
[www.submainetconnect.com/importa5e9.html]
[www.submainetconnect.com/import9685.html]
[www.submainetconnect.com/import61fd.html]
[www.submainetconnect.com/importee7a.html]
[www.submainetconnect.com/6184f787c37b7597786f70d5/6186507387a22e373b576369_138f51c8d00ac7b9ac9d8dc75344d096a7dfe370a568aa167eabc0a21830ed98.jpeg]
[www.submainetconnect.com/import2bfc.html]
[www.submainetconnect.com/import2e85.html]
[www.submainetconnect.com/import8628.html]
[www.submainetconnect.com/import9f4e.html]
[www.submainetconnect.com/import631c.php]
[www.submainetconnect.com/import5520.html]
[www.submainetconnect.com/importf860.html]
[www.submainetconnect.com/importa5c1.html]
[www.submainetconnect.com/import84a4.html]
[www.submainetconnect.com/import138d.html]
[www.submainetconnect.com/import2aa8.html]
[www.submainetconnect.com/import5006.html]
[www.submainetconnect.com/importc103.html]
[www.submainetconnect.com/importad3c.html]
[www.submainetconnect.com/import2b92.html]
[www.submainetconnect.com/import2ca9.html]
[www.submainetconnect.com/port/main.css]
[www.submainetconnect.com/port/logo.svg]
[www.submainetconnect.com/saved/discord.html]
[www.submainetconnect.com/saved/telegram.html]
[www.submainetconnect.com/saved/twitter.html]
[www.submainetconnect.com/saved/github.html]
[www.submainetconnect.com/6184f787c37b7597786f70d5/618650749578c44295b3dace_802a2041afdaf4c7e41a2903e98df333c8835897532699ad370f829390c6900f.jpeg]
[www.submainetconnect.com/import631c.php]
